Build started 9/1/2021 2:26:25 PM.
     1>Project "C:\Users\20111\Documents\Visual Studio 2013\Projects\BOO\BOO.vcxproj" on node 2 (Build target(s)).
     1>ClCompile:
         C:\Program Files (x86)\Microsoft Visual Studio 12.0\VC\bin\CL.exe /c /ZI /nologo /W3 /WX- /sdl /Od /Oy- /D WIN32 /D _DEBUG /D _CONSOLE /D _LIB /D _UNICODE /D UNICODE /Gm /EHsc /RTC1 /MDd /GS /fp:precise /Zc:wchar_t /Zc:forScope /Fo"Debug\\" /Fd"Debug\vc120.pdb" /Gd /TP /analyze- /errorReport:prompt Source.cpp
         Source.cpp
     1>c:\users\20111\documents\visual studio 2013\projects\boo\source.cpp(3): error C2059: syntax error : 'public'
     1>c:\users\20111\documents\visual studio 2013\projects\boo\source.cpp(4): error C2143: syntax error : missing ';' before '{'
     1>c:\users\20111\documents\visual studio 2013\projects\boo\source.cpp(4): error C2447: '{' : missing function header (old-style formal list?)
     1>c:\users\20111\documents\visual studio 2013\projects\boo\source.cpp(13): error C2064: term does not evaluate to a function taking 1 arguments
     1>Done Building Project "C:\Users\20111\Documents\Visual Studio 2013\Projects\BOO\BOO.vcxproj" (Build target(s)) -- FAILED.

Build FAILED.

Time Elapsed 00:00:01.42
